<?xml version="1.0" encoding="UTF-8"?>
<testng-results ignored="0" total="1" passed="1" failed="0" skipped="0">
  <reporter-output>
  </reporter-output>
  <suite started-at="2025-12-09T18:03:31 CET" name="Surefire suite" finished-at="2025-12-09T18:03:31 CET" duration-ms="41">
    <groups>
    </groups>
    <test started-at="2025-12-09T18:03:31 CET" name="Surefire test" finished-at="2025-12-09T18:03:31 CET" duration-ms="41">
      <class name="be.odisee.jzzz.JzzzLedenApplicationTests">
        <test-method signature="contextLoads()[pri:0, instance:be.odisee.jzzz.JzzzLedenApplicationTests@63475ace]" started-at="2025-12-09T18:03:31 CET" name="contextLoads" finished-at="2025-12-09T18:03:31 CET" duration-ms="3" status="PASS">
          <reporter-output>
          </reporter-output>
        </test-method> <!-- contextLoads -->
      </class> <!-- be.odisee.jzzz.JzzzLedenApplicationTests -->
    </test> <!-- Surefire test -->
  </suite> <!-- Surefire suite -->
</testng-results>
